<?xml version="1.0" encoding="UTF-8"?>
<!-- Generated by org.testng.reporters.JUnitReportReporter -->
<testsuite hostname="DESKTOP-BP7NV3R" failures="0" tests="1" name="com.parameter.REquestChaingTest" time="6.193" errors="0" timestamp="2022-02-11T12:37:14 IST" skipped="0">
  <testcase classname="com.parameter.REquestChaingTest" name="chainig" time="6.193"/>
  <system-out/>
</testsuite> <!-- com.parameter.REquestChaingTest -->
