<?xml version="1.0" encoding="UTF-8"?>
<!-- Generated by org.testng.reporters.JUnitReportReporter -->
<testsuite hostname="DESKTOP-BP7NV3R" failures="0" tests="1" name="practice_CRUD_With_BDD.GEt_All_Resorses" time="2.367" errors="0" timestamp="2023-02-10T15:46:08 IST" skipped="0">
  <testcase classname="practice_CRUD_With_BDD.GEt_All_Resorses" name="getAllResource" time="2.367"/>
  <system-out/>
</testsuite> <!-- practice_CRUD_With_BDD.GEt_All_Resorses -->
