<?xml version="1.0" encoding="UTF-8"?>
<!-- Generated by org.testng.reporters.JUnitReportReporter -->
<testsuite hostname="DESKTOP-BP7NV3R" failures="0" tests="1" name="com.RMGYantraTest.CreateResourceAndVEriFyInDataBase" time="3.682" errors="0" timestamp="2022-02-14T10:58:07 IST" skipped="0">
  <testcase classname="com.RMGYantraTest.CreateResourceAndVEriFyInDataBase" name="createResourceAndVerifyInDB" time="3.682"/>
  <system-out>
    <![CDATA[TY_PROJ_2808
  Data Verification Succefully  ]]>
  </system-out>
</testsuite> <!-- com.RMGYantraTest.CreateResourceAndVEriFyInDataBase -->
