<?xml version="1.0" encoding="UTF-8"?>
<!-- Generated by org.testng.reporters.JUnitReportReporter -->
<testsuite hostname="DESKTOP-BP7NV3R" failures="0" tests="1" name="practice_CRUD_Without_BDD.Craete_Project" time="7.486" errors="0" timestamp="2022-02-09T22:43:55 IST" skipped="0">
  <testcase classname="practice_CRUD_Without_BDD.Craete_Project" name="createProject" time="7.486"/>
  <system-out/>
</testsuite> <!-- practice_CRUD_Without_BDD.Craete_Project -->
