<?xml version="1.0" encoding="UTF-8"?>
<!-- Generated by org.testng.reporters.JUnitReportReporter -->
<testsuite hostname="DESKTOP-BP7NV3R" failures="0" tests="1" name="practice_CRUD_With_BDD.Get_Perticular_data" time="2.212" errors="0" timestamp="2023-02-10T15:46:19 IST" skipped="0">
  <testcase classname="practice_CRUD_With_BDD.Get_Perticular_data" name="getData" time="2.212"/>
  <system-out/>
</testsuite> <!-- practice_CRUD_With_BDD.Get_Perticular_data -->
