<?xml version="1.0" encoding="UTF-8"?>
<!-- Generated by org.testng.reporters.JUnitReportReporter -->
<testsuite hostname="DESKTOP-BP7NV3R" failures="0" tests="2" name="Authentication.PDAnuthentication" time="6.221" errors="0" timestamp="2022-02-11T17:19:26 IST" skipped="0">
  <testcase classname="Authentication.PDAnuthentication" name="digestive" time="5.938"/>
  <system-out/>
  <testcase classname="Authentication.PDAnuthentication" name="preemitiveAuth" time="0.283"/>
  <system-out/>
</testsuite> <!-- Authentication.PDAnuthentication -->
