<?xml version="1.0" encoding="UTF-8"?>
<!-- Generated by org.testng.reporters.JUnitReportReporter -->
<testsuite hostname="DESKTOP-BP7NV3R" failures="0" tests="1" name="Different_Ways_To_Post_Requests.CreateRestAssueredUsingHashMap" time="7.314" errors="0" timestamp="2022-02-10T14:16:23 IST" skipped="0">
  <testcase classname="Different_Ways_To_Post_Requests.CreateRestAssueredUsingHashMap" name="created" time="7.314"/>
  <system-out/>
</testsuite> <!-- Different_Ways_To_Post_Requests.CreateRestAssueredUsingHashMap -->
