<?xml version="1.0" encoding="UTF-8"?>
<!-- Generated by org.testng.reporters.JUnitReportReporter -->
<testsuite hostname="DESKTOP-BP7NV3R" failures="0" tests="1" name="Authentication.BarereAuthTokenTest" time="16.345" errors="0" timestamp="2022-02-11T17:08:21 IST" skipped="0">
  <testcase classname="Authentication.BarereAuthTokenTest" name="barerToken" time="16.345"/>
  <system-out/>
</testsuite> <!-- Authentication.BarereAuthTokenTest -->
