<?xml version="1.0" encoding="UTF-8"?>
<!-- Generated by org.testng.reporters.JUnitReportReporter -->
<testsuite hostname="DESKTOP-BP7NV3R" failures="0" tests="1" name="com.parameter.NnumberOfQueryParameterTest" time="9.050" errors="0" timestamp="2022-02-13T12:40:38 IST" skipped="0">
  <testcase classname="com.parameter.NnumberOfQueryParameterTest" name="quesry" time="9.050"/>
  <system-out/>
</testsuite> <!-- com.parameter.NnumberOfQueryParameterTest -->
