<?xml version="1.0" encoding="UTF-8"?>
<!-- Generated by org.testng.reporters.JUnitReportReporter -->
<testsuite hostname="DESKTOP-BP7NV3R" failures="0" tests="1" name="Different_Ways_To_Post_Requests.CreatedUsingPOJOClass" time="6.755" errors="0" timestamp="2022-02-10T14:31:11 IST" skipped="0">
  <testcase classname="Different_Ways_To_Post_Requests.CreatedUsingPOJOClass" name="createdByPojo" time="6.755"/>
  <system-out/>
</testsuite> <!-- Different_Ways_To_Post_Requests.CreatedUsingPOJOClass -->
