<?xml version="1.0" encoding="UTF-8"?>
<!-- Generated by org.testng.reporters.JUnitReportReporter -->
<testsuite hostname="DESKTOP-BP7NV3R" failures="0" tests="1" name="ResposnseValidation.VErifyRessponseTimeUsingHamcrestTest" time="7.804" errors="0" timestamp="2022-02-10T16:24:11 IST" skipped="0">
  <testcase classname="ResposnseValidation.VErifyRessponseTimeUsingHamcrestTest" name="verify" time="7.804"/>
  <system-out/>
</testsuite> <!-- ResposnseValidation.VErifyRessponseTimeUsingHamcrestTest -->
