<?xml version="1.0" encoding="UTF-8"?>
<!-- Generated by org.testng.reporters.JUnitReportReporter -->
<testsuite hostname="DESKTOP-BP7NV3R" failures="0" tests="1" name="com.parameter.QueryParameterTest" time="8.929" errors="0" timestamp="2022-02-11T13:16:51 IST" skipped="0">
  <testcase classname="com.parameter.QueryParameterTest" name="param" time="8.929"/>
  <system-out/>
</testsuite> <!-- com.parameter.QueryParameterTest -->
