<?xml version="1.0" encoding="UTF-8"?>
<!-- Generated by org.testng.reporters.JUnitReportReporter -->
<testsuite hostname="DESKTOP-BP7NV3R" failures="0" tests="1" name="Different_Ways_To_Post_Requests.CreatedByJsonFileTest" time="2.284" errors="0" timestamp="2023-02-10T15:47:47 IST" skipped="0">
  <testcase classname="Different_Ways_To_Post_Requests.CreatedByJsonFileTest" name="creating" time="2.284"/>
  <system-out/>
</testsuite> <!-- Different_Ways_To_Post_Requests.CreatedByJsonFileTest -->
