<?xml version="1.0" encoding="UTF-8"?>
<!-- Generated by org.testng.reporters.JUnitReportReporter -->
<testsuite hostname="DESKTOP-BP7NV3R" failures="0" tests="1" name="practice_CRUD_With_BDD.Create_the_Projects" time="3.138" errors="0" timestamp="2023-02-10T15:45:29 IST" skipped="0">
  <testcase classname="practice_CRUD_With_BDD.Create_the_Projects" name="craete" time="3.138"/>
  <system-out/>
</testsuite> <!-- practice_CRUD_With_BDD.Create_the_Projects -->
