<?xml version="1.0" encoding="UTF-8"?>
<!-- Generated by org.testng.reporters.JUnitReportReporter -->
<testsuite hostname="DESKTOP-BP7NV3R" failures="0" tests="1" name="Authentication.Auth2" time="4.577" errors="0" timestamp="2023-02-20T17:07:52 IST" skipped="0">
  <testcase classname="Authentication.Auth2" name="auth2" time="4.577"/>
  <system-out/>
</testsuite> <!-- Authentication.Auth2 -->
