<?xml version="1.0" encoding="UTF-8"?>
<!-- Generated by org.testng.reporters.JUnitReportReporter -->
<testsuite hostname="DESKTOP-BP7NV3R" failures="0" tests="1" name="practice_CRUD_Without_BDD.AddProJect" time="3.388" errors="0" timestamp="2023-02-06T16:11:18 IST" skipped="0">
  <testcase classname="practice_CRUD_Without_BDD.AddProJect" name="addProject" time="3.388"/>
  <system-out/>
</testsuite> <!-- practice_CRUD_Without_BDD.AddProJect -->
