<?xml version="1.0" encoding="UTF-8"?>
<!-- Generated by org.testng.reporters.JUnitReportReporter -->
<testsuite hostname="DESKTOP-BP7NV3R" failures="0" tests="1" name="Different_Ways_To_Post_Requests.CreateRestAssuredUsingJSONObjcetTest" time="9.444" errors="0" timestamp="2022-02-11T00:05:24 IST" skipped="0">
  <testcase classname="Different_Ways_To_Post_Requests.CreateRestAssuredUsingJSONObjcetTest" name="create" time="9.444"/>
  <system-out/>
</testsuite> <!-- Different_Ways_To_Post_Requests.CreateRestAssuredUsingJSONObjcetTest -->
